============================================================
  Generated by:           Genus(TM) Synthesis Solution 23.12-s086_1
  Generated on:           Nov 13 2025  02:25:26 pm
  Module:                 mac_trunc
  Operating conditions:   PVT_0P9V_125C (balanced_tree)
  Wireload mode:          enclosed
  Area mode:              timing library
============================================================


Path 1: MET (0 ps) Setup Check with Pin OUT_reg[15]/CK->D
          Group: CLK
     Startpoint: (R) B[6]
          Clock: (R) CLK
       Endpoint: (R) OUT_reg[15]/D
          Clock: (R) CLK

                     Capture       Launch     
        Clock Edge:+    1750            0     
        Drv Adjust:+       0            0     
       Src Latency:+       0            0     
       Net Latency:+       0 (I)        0 (I) 
           Arrival:=    1750            0     
                                              
             Setup:-     144                  
     Required Time:=    1606                  
      Launch Clock:-       0                  
       Input Delay:-     100                  
         Data Path:-    1506                  
             Slack:=       0                  

Exceptions/Constraints:
  input_delay             100             constraints.sdc_line_9_10_1 

#------------------------------------------------------------------------------------------------------------------
#               Timing Point                Flags   Arc   Edge   Cell     Fanout Load Trans Delay Arrival Instance 
#                                                                                (fF)  (ps)  (ps)   (ps)  Location 
#------------------------------------------------------------------------------------------------------------------
  B[6]                                      -       -     R     (arrival)      5  3.4     0     0     100    (-,-) 
  WALLACE_CSA_DUMMY_OP_groupi_g2406__2483/Y -       A->Y  F     NAND2X4        1  0.2    36    39     139    (-,-) 
  WALLACE_CSA_DUMMY_OP_groupi_g2320__5477/Y -       A->Y  R     XNOR2X1        1  0.2    22   194     333    (-,-) 
  WALLACE_CSA_DUMMY_OP_groupi_g2452__5107/Y -       A->Y  F     XNOR2X1        1  0.8    38   179     513    (-,-) 
  WALLACE_CSA_DUMMY_OP_groupi_g2209__2398/S -       CI->S R     ADDFHXL        1  1.2    52   256     769    (-,-) 
  WALLACE_CSA_DUMMY_OP_groupi_g2172__2346/S -       B->S  F     ADDFHXL        2  0.9    50   272    1041    (-,-) 
  WALLACE_CSA_DUMMY_OP_groupi_g2161__8246/Y -       B->Y  R     NOR2X2         3  1.8    69    68    1109    (-,-) 
  WALLACE_CSA_DUMMY_OP_groupi_g2143__2346/Y -       B->Y  F     NOR2X2         2  1.4    44    59    1168    (-,-) 
  WALLACE_CSA_DUMMY_OP_groupi_g2137__7482/Y -       B->Y  R     NAND2X2        1  0.8    29    39    1206    (-,-) 
  WALLACE_CSA_DUMMY_OP_groupi_g2135__1881/Y -       B->Y  F     NOR2X2         1  0.7    37    33    1239    (-,-) 
  WALLACE_CSA_DUMMY_OP_groupi_g2129__2802/Y -       C0->Y R     AOI211X2       3  0.8    88    80    1319    (-,-) 
  WALLACE_CSA_DUMMY_OP_groupi_g2128__1617/Y -       B->Y  F     NOR2BX1        1  0.3    36    69    1387    (-,-) 
  WALLACE_CSA_DUMMY_OP_groupi_g2124__8428/Y -       B->Y  R     NOR2X1         2  0.6    55    54    1442    (-,-) 
  WALLACE_CSA_DUMMY_OP_groupi_g2121__6260/Y -       A1->Y F     OAI21X1        1  0.4    73    84    1525    (-,-) 
  WALLACE_CSA_DUMMY_OP_groupi_g2119__2398/Y -       S0->Y R     MXI2XL         1  0.3    72    81    1606    (-,-) 
  OUT_reg[15]/D                             <<<     -     R     DFFRHQX1       1    -     -     0    1606    (-,-) 
#------------------------------------------------------------------------------------------------------------------

