============================================================
  Generated by:           Genus(TM) Synthesis Solution 23.12-s086_1
  Generated on:           Nov 13 2025  02:25:25 pm
  Module:                 mac_trunc
  Operating conditions:   PVT_0P9V_125C (balanced_tree)
  Wireload mode:          enclosed
  Area mode:              timing library
============================================================


Path 1: VIOLATED (-27 ps) Setup Check with Pin OUT_reg[15]/CK->D
          Group: CLK
     Startpoint: (R) B[6]
          Clock: (R) CLK
       Endpoint: (R) OUT_reg[15]/D
          Clock: (R) CLK

                     Capture       Launch     
        Clock Edge:+    1750            0     
        Drv Adjust:+       0            0     
       Src Latency:+       0            0     
       Net Latency:+       0 (I)        0 (I) 
           Arrival:=    1750            0     
                                              
             Setup:-     144                  
     Required Time:=    1606                  
      Launch Clock:-       0                  
       Input Delay:-     100                  
         Data Path:-    1533                  
             Slack:=     -27                  

Exceptions/Constraints:
  input_delay             100             constraints.sdc_line_9_10_1 

#------------------------------------------------------------------------------------------------------------------
#               Timing Point                Flags   Arc   Edge   Cell     Fanout Load Trans Delay Arrival Instance 
#                                                                                (fF)  (ps)  (ps)   (ps)  Location 
#------------------------------------------------------------------------------------------------------------------
  B[6]                                      -       -     R     (arrival)      4  3.8     0     0     100    (-,-) 
  WALLACE_CSA_DUMMY_OP_groupi_g2406__3680/Y -       A->Y  F     NAND2X6        3  0.7    41    42     142    (-,-) 
  WALLACE_CSA_DUMMY_OP_groupi_g2320__5477/Y -       A->Y  R     XNOR2X1        1  0.2    22   196     338    (-,-) 
  WALLACE_CSA_DUMMY_OP_groupi_g2452__5107/Y -       A->Y  F     XNOR2X1        1  0.8    38   179     518    (-,-) 
  WALLACE_CSA_DUMMY_OP_groupi_g2209__2398/S -       CI->S R     ADDFHXL        1  1.2    52   256     774    (-,-) 
  WALLACE_CSA_DUMMY_OP_groupi_g2172__2346/S -       B->S  F     ADDFHXL        2  1.0    53   274    1048    (-,-) 
  WALLACE_CSA_DUMMY_OP_groupi_g2161__8246/Y -       B->Y  R     NOR2X2         3  1.4    60    64    1112    (-,-) 
  WALLACE_CSA_DUMMY_OP_groupi_g2138__4733/Y -       A1->Y F     OAI21X1        1  0.7    88    96    1207    (-,-) 
  WALLACE_CSA_DUMMY_OP_groupi_g2129__2802/Y -       B0->Y R     AOI211X2       3  0.8    89   128    1335    (-,-) 
  WALLACE_CSA_DUMMY_OP_groupi_g2128__1617/Y -       B->Y  F     NOR2BX1        1  0.3    36    69    1404    (-,-) 
  WALLACE_CSA_DUMMY_OP_groupi_g2124__8428/Y -       B->Y  R     NOR2X1         3  0.8    64    60    1464    (-,-) 
  WALLACE_CSA_DUMMY_OP_groupi_g2121__6260/Y -       A1->Y F     OAI21X1        1  0.4    73    88    1553    (-,-) 
  WALLACE_CSA_DUMMY_OP_groupi_g2119__2398/Y -       S0->Y R     MXI2XL         1  0.3    72    81    1633    (-,-) 
  OUT_reg[15]/D                             <<<     -     R     DFFRHQX1       1    -     -     0    1633    (-,-) 
#------------------------------------------------------------------------------------------------------------------

