============================================================
  Generated by:           Genus(TM) Synthesis Solution 23.12-s086_1
  Generated on:           Nov 13 2025  02:25:19 pm
  Module:                 mac_trunc
  Operating conditions:   PVT_0P9V_125C (balanced_tree)
  Wireload mode:          enclosed
  Area mode:              timing library
============================================================


Path 1: VIOLATED (-33 ps) Setup Check with Pin OUT_reg[15]/clk->d
          Group: CLK
     Startpoint: (F) B[3]
          Clock: (R) CLK
       Endpoint: (R) OUT_reg[15]/d
          Clock: (R) CLK

                     Capture       Launch     
        Clock Edge:+    1750            0     
        Drv Adjust:+       0            0     
       Src Latency:+       0            0     
       Net Latency:+       0 (I)        0 (I) 
           Arrival:=    1750            0     
                                              
             Setup:-     118                  
     Required Time:=    1632                  
      Launch Clock:-       0                  
       Input Delay:-     100                  
         Data Path:-    1565                  
             Slack:=     -33                  

Exceptions/Constraints:
  input_delay             100             constraints.sdc_line_9_13_1 

#----------------------------------------------------------------------------------------------------------------------
#            Timing Point             Flags    Arc    Edge       Cell         Fanout Load Trans Delay Arrival Instance 
#                                                                                    (fF)  (ps)  (ps)   (ps)  Location 
#----------------------------------------------------------------------------------------------------------------------
  B[3]                                (u)     -       F     (arrival)              8  4.0     0     0     100    (-,-) 
  WALLACE_CSA_DUMMY_OP_groupi/g2144/z (u)     in_1->z R     unmapped_nand2         4  2.8     0    80     180    (-,-) 
  WALLACE_CSA_DUMMY_OP_groupi/g2129/z (u)     in_1->z R     unmapped_or2           1  0.7     0    60     239    (-,-) 
  WALLACE_CSA_DUMMY_OP_groupi/g1974/z (u)     in_1->z F     unmapped_nand2         1  0.5     0    60     299    (-,-) 
  WALLACE_CSA_DUMMY_OP_groupi/g2246/z (u)     in_0->z F     unmapped_complex2      3  1.5     0    73     372    (-,-) 
  WALLACE_CSA_DUMMY_OP_groupi/g1839/z (u)     in_1->z R     unmapped_nand2         1  0.7     0    60     431    (-,-) 
  WALLACE_CSA_DUMMY_OP_groupi/g1792/z (u)     in_0->z F     unmapped_nand2         4  2.0     0    80     511    (-,-) 
  WALLACE_CSA_DUMMY_OP_groupi/g2271/z (u)     in_0->z R     unmapped_complex2      1  0.7     0    60     570    (-,-) 
  WALLACE_CSA_DUMMY_OP_groupi/g1788/z (u)     in_1->z F     unmapped_nand2         2  1.0     0    67     638    (-,-) 
  WALLACE_CSA_DUMMY_OP_groupi/g2281/z (u)     in_1->z F     unmapped_complex2      1  0.5     0    60     697    (-,-) 
  WALLACE_CSA_DUMMY_OP_groupi/g1721/z (u)     in_1->z R     unmapped_nand2         3  2.1     0    73     770    (-,-) 
  WALLACE_CSA_DUMMY_OP_groupi/g2295/z (u)     in_0->z F     unmapped_complex2      1  0.5     0    60     830    (-,-) 
  WALLACE_CSA_DUMMY_OP_groupi/g1708/z (u)     in_1->z R     unmapped_nand2         2  1.4     0    67     897    (-,-) 
  WALLACE_CSA_DUMMY_OP_groupi/g1681/z (u)     in_0->z R     unmapped_complex2      1  0.7     0    60     956    (-,-) 
  WALLACE_CSA_DUMMY_OP_groupi/g1682/z (u)     in_1->z F     unmapped_nand2         2  1.0     0    67    1023    (-,-) 
  WALLACE_CSA_DUMMY_OP_groupi/g1653/z (u)     in_0->z R     unmapped_nand2         2  1.4     0    67    1090    (-,-) 
  WALLACE_CSA_DUMMY_OP_groupi/g1643/z (u)     in_0->z F     unmapped_nand2         1  0.5     0    60    1150    (-,-) 
  WALLACE_CSA_DUMMY_OP_groupi/g1633/z (u)     in_0->z R     unmapped_nand2         2  1.4     0    67    1217    (-,-) 
  WALLACE_CSA_DUMMY_OP_groupi/g1626/z (u)     in_0->z R     unmapped_or2           1  0.7     0    60    1276    (-,-) 
  WALLACE_CSA_DUMMY_OP_groupi/g1624/z (u)     in_1->z F     unmapped_complex2      1  0.5     0    60    1336    (-,-) 
  WALLACE_CSA_DUMMY_OP_groupi/g1615/z (u)     in_0->z F     unmapped_complex2      5  2.5     0    83    1419    (-,-) 
  WALLACE_CSA_DUMMY_OP_groupi/g1612/z (u)     in_0->z R     unmapped_complex2      1  0.7     0    60    1479    (-,-) 
  WALLACE_CSA_DUMMY_OP_groupi/g2303/z (u)     in_0->z F     unmapped_complex2      2  1.0     0    67    1546    (-,-) 
  WALLACE_CSA_DUMMY_OP_groupi/g1586/z (u)     in_0->z F     unmapped_or2           1  0.5     0    60    1605    (-,-) 
  WALLACE_CSA_DUMMY_OP_groupi/g1587/z (u)     in_1->z R     unmapped_nand2         1  0.7     0    60    1665    (-,-) 
  OUT_reg[15]/d                       <<<     -       R     unmapped_d_flop        1    -     -     0    1665    (-,-) 
#----------------------------------------------------------------------------------------------------------------------

(u) : Net has unmapped pin(s).

