============================================================
  Generated by:           Genus(TM) Synthesis Solution 23.12-s086_1
  Generated on:           Dec 02 2025  02:39:01 pm
  Module:                 lut_sigmoid_8bits
  Operating conditions:   PVT_0P9V_125C (balanced_tree)
  Wireload mode:          enclosed
  Area mode:              timing library
============================================================


Path 1: UNCONSTRAINED Setup Check with Pin yq_reg[5]/ena->d
     Startpoint: (F) xq[0]
       Endpoint: (R) yq_reg[5]/d

                   Capture    Launch  
      Drv Adjust:+       0         0  
                                      
           Setup:-      90            
       Data Path:-    1221            

#-------------------------------------------------------------------------------------------------
# Timing Point   Flags    Arc    Edge       Cell         Fanout Load Trans Delay Arrival Instance 
#                                                               (fF)  (ps)  (ps)   (ps)  Location 
#-------------------------------------------------------------------------------------------------
  xq[0]          (u)     -       F     (arrival)              5  2.5     0     0       0    (-,-) 
  g2504/z        (u)     in_1->z F     unmapped_or2           4  2.0     0    80      80    (-,-) 
  g2555/z        (u)     in_1->z F     unmapped_or2           6  3.0     0    86     166    (-,-) 
  g2460/z        (u)     in_0->z R     unmapped_nand2         3  2.1     0    73     239    (-,-) 
  g4365/z        (u)     in_1->z R     unmapped_or2           1  0.7     0    60     299    (-,-) 
  g4441/z        (u)     in_1->z R     unmapped_complex2      1  0.7     0    60     358    (-,-) 
  g4454/z        (u)     in_1->z F     unmapped_complex2      1  0.5     0    60     418    (-,-) 
  g4312/z        (u)     in_0->z R     unmapped_nand2         2  1.4     0    67     485    (-,-) 
  g4301/z        (u)     in_0->z R     unmapped_complex2      2  1.4     0    67     552    (-,-) 
  g4466/z        (u)     in_0->z R     unmapped_complex2      2  1.4     0    67     619    (-,-) 
  g4468/z        (u)     in_1->z R     unmapped_complex2      1  0.7     0    60     678    (-,-) 
  g4469/z        (u)     in_1->z R     unmapped_complex2      2  1.4     0    67     745    (-,-) 
  g4277/z        (u)     in_1->z R     unmapped_complex2      1  0.7     0    60     805    (-,-) 
  g4269/z        (u)     in_0->z R     unmapped_or2           1  0.7     0    60     864    (-,-) 
  g4262/z        (u)     in_0->z R     unmapped_complex2      1  0.7     0    60     924    (-,-) 
  g4255/z        (u)     in_0->z R     unmapped_or2           1  0.7     0    60     983    (-,-) 
  g4251/z        (u)     in_0->z R     unmapped_complex2      1  0.7     0    60    1043    (-,-) 
  g4244/z        (u)     in_0->z R     unmapped_or2           1  0.7     0    60    1102    (-,-) 
  g4241/z        (u)     in_0->z R     unmapped_or2           1  0.7     0    60    1162    (-,-) 
  g4239/z        (u)     in_0->z R     unmapped_or2           1  0.7     0    60    1221    (-,-) 
  yq_reg[5]/d    -       -       R     unmapped_latch         1    -     -     0    1221    (-,-) 
#-------------------------------------------------------------------------------------------------

(u) : Net has unmapped pin(s).

