============================================================
  Generated by:           Genus(TM) Synthesis Solution 23.12-s086_1
  Generated on:           Dec 02 2025  02:39:04 pm
  Module:                 lut_sigmoid_8bits
  Operating conditions:   PVT_0P9V_125C (balanced_tree)
  Wireload mode:          enclosed
  Area mode:              timing library
============================================================


Path 1: UNCONSTRAINED Setup Check with Pin yq_reg[5]/GN->D
     Startpoint: (F) xq[3]
       Endpoint: (F) yq_reg[5]/D

                   Capture    Launch  
      Drv Adjust:+       0         0  
                                      
           Setup:-     135            
       Data Path:-    1593            

#---------------------------------------------------------------------------------------
# Timing Point   Flags   Arc   Edge   Cell     Fanout Load Trans Delay Arrival Instance 
#                                                     (fF)  (ps)  (ps)   (ps)  Location 
#---------------------------------------------------------------------------------------
  xq[3]          -       -     F     (arrival)      4  0.8     0     0       0    (-,-) 
  g7207__5122/Y  -       AN->Y F     NOR2BX1        2  0.4    32    56      56    (-,-) 
  g7204/Y        -       A->Y  R     INVXL          3  0.6    34    39      96    (-,-) 
  g7188__1705/Y  -       A->Y  F     NOR2XL         2  0.6    54    58     154    (-,-) 
  g7174/Y        -       A->Y  R     INVXL          4  1.0    52    61     215    (-,-) 
  g7146__7410/Y  -       B->Y  F     NAND2XL        2  0.4    79    83     298    (-,-) 
  g7119__4319/Y  -       B->Y  R     NOR2XL         2  0.6    76    91     389    (-,-) 
  g7101__6131/Y  -       C->Y  F     NAND3XL        1  0.2   111   117     506    (-,-) 
  g7088__8428/Y  -       A1->Y R     AOI22XL        2  0.6   100   142     648    (-,-) 
  g7078__2346/Y  -       B0->Y R     OA21X1         2  0.6    31   180     828    (-,-) 
  g7074__6161/Y  -       B0->Y F     OAI21XL        2  0.5   106    96     924    (-,-) 
  g7072/Y        -       A->Y  R     INVXL          1  0.2    31    76    1000    (-,-) 
  g7068__7098/Y  -       C->Y  F     NAND3BXL       2  0.4   141   111    1112    (-,-) 
  g7064__1617/Y  -       AN->Y F     NAND3BXL       1  0.3   126   192    1304    (-,-) 
  g7056__8428/Y  -       D->Y  R     NOR4X1         1  0.2   104   119    1422    (-,-) 
  g7052__2398/Y  -       D->Y  F     NAND4XL        1  0.2   179   170    1593    (-,-) 
  yq_reg[5]/D    -       -     F     TLATNXL        1    -     -     0    1593    (-,-) 
#---------------------------------------------------------------------------------------

