============================================================
  Generated by:           Genus(TM) Synthesis Solution 23.12-s086_1
  Generated on:           Dec 02 2025  02:35:06 pm
  Module:                 lut_sigmoid
  Operating conditions:   PVT_0P9V_125C (balanced_tree)
  Wireload mode:          enclosed
  Area mode:              timing library
============================================================


Path 1: UNCONSTRAINED Setup Check with Pin yq_reg[1]/GN->D
     Startpoint: (F) xq[3]
       Endpoint: (R) yq_reg[1]/D

                   Capture    Launch  
      Drv Adjust:+       0         0  
                                      
           Setup:-     121            
       Data Path:-     194            

#---------------------------------------------------------------------------------------
# Timing Point   Flags   Arc   Edge   Cell     Fanout Load Trans Delay Arrival Instance 
#                                                     (fF)  (ps)  (ps)   (ps)  Location 
#---------------------------------------------------------------------------------------
  xq[3]          (i)     -     F     (arrival)      7  0.0     0     0       0    (-,-) 
  g175/Y         -       A->Y  R     INVXL          2  0.4    22    16      16    (-,-) 
  g172__6260/Y   -       B0->Y F     OAI21XL        2  0.6   114    97     112    (-,-) 
  g170__5107/Y   -       B0->Y R     OAI2BB1X1      1  0.2    38    82     194    (-,-) 
  yq_reg[1]/D    -       -     R     TLATNXL        1    -     -     0     194    (-,-) 
#---------------------------------------------------------------------------------------

(i) : Net is ideal.

