============================================================
  Generated by:           Genus(TM) Synthesis Solution 23.12-s086_1
  Generated on:           Dec 02 2025  02:35:04 pm
  Module:                 lut_sigmoid
  Operating conditions:   PVT_0P9V_125C (balanced_tree)
  Wireload mode:          enclosed
  Area mode:              timing library
============================================================


Path 1: UNCONSTRAINED
     Startpoint: (R) yq_reg[0]/ena
       Endpoint: (R) yq[0]

                           
      Data Path:-  326     

#---------------------------------------------------------------------------------------------
# Timing Point   Flags    Arc   Edge      Cell       Fanout Load Trans Delay Arrival Instance 
#                                                           (fF)  (ps)  (ps)   (ps)  Location 
#---------------------------------------------------------------------------------------------
  yq_reg[0]/ena  -       -      R     (arrival)           4    -     0     0       0    (-,-) 
  yq_reg[0]/q    (u)     ena->q R     unmapped_latch      1  0.0     0   326     326    (-,-) 
  yq[0]          -       -      R     (port)              -    -     -     0     326    (-,-) 
#---------------------------------------------------------------------------------------------

(u) : Net has unmapped pin(s).

